[INFO]  2024/07/17 16:13:53 group this is a log: super name=yong
[INFO]  2024/07/17 16:13:53 group this is key-paire log key=value
[DEBUG] 2024/07/17 16:13:53 main.go:26: group this is key-paire debug log key=value
[WARN]  2024/07/17 16:13:53 group this is key-paire warn log key=value
[ERROR] 2024/07/17 16:13:53 main.go:28: group this is key-paire error log key=value
[INFO]  2024/07/17 16:13:53 this is a log: super name=yong
[DEBUG] 2024/07/17 16:13:53 log.go:180: this is a log: super name=yong
[ERROR] 2024/07/17 16:13:53 log.go:188: this is a log: super name=yong
[WARN]  2024/07/17 16:13:53 this is a log: super name=yong
[ERROR] 2024/07/17 16:13:53 log.go:188: this is a log: super name=yong
[INFO]  2024/07/17 16:14:03 group this is a log: super name=yong
[INFO]  2024/07/17 16:14:03 group this is key-paire log key=value
[DEBUG] 2024/07/17 16:14:03 main.go:26: group this is key-paire debug log key=value
[WARN]  2024/07/17 16:14:03 group this is key-paire warn log key=value
[ERROR] 2024/07/17 16:14:03 main.go:28: group this is key-paire error log key=value
[INFO]  2024/07/17 16:14:03 this is a log: super name=yong
[DEBUG] 2024/07/17 16:14:03 log.go:180: this is a log: super name=yong
[ERROR] 2024/07/17 16:14:03 log.go:188: this is a log: super name=yong
[WARN]  2024/07/17 16:14:03 this is a log: super name=yong
[ERROR] 2024/07/17 16:14:03 log.go:188: this is a log: super name=yong
